#
# A fatal error has been detected by the Java Runtime Environment:
#
#  EXCEPTION_STACK_OVERFLOW (0xc00000fd) at pc=0x0000000062444ef7, pid=3428, tid=0x000000000000275c
#
# JRE version: Java(TM) SE Runtime Environment (8.0_211-b12) (build 1.8.0_211-b12)
# Java VM: Java HotSpot(TM) 64-Bit Server VM (25.211-b12 mixed mode windows-amd64 compressed oops)
# Problematic frame:
# V  [jvm.dll+0x214ef7]
#
# Failed to write core dump. Minidumps are not enabled by default on client versions of Windows
#
# If you would like to submit a bug report, please visit:
#   http://bugreport.java.com/bugreport/crash.jsp
#

---------------  T H R E A D  ---------------

Current thread (0x000000001f9bf800):  JavaThread "http-nio-8080-exec-9" daemon [_thread_in_vm, id=10076, stack(0x00000000226a0000,0x00000000227a0000)]

siginfo: ExceptionCode=0xc00000fd, ExceptionInformation=0x0000000000000001 0x000000002279c2b0 

Registers:
RAX=0x000000002279c2b0, RBX=0x0000000000000004, RCX=0x0000000000003000, RDX=0x0000000000000006
RSP=0x000000002279f2b0, RBP=0x0000000000000000, RSI=0x000000002279f2b0, RDI=0x0000000000000004
R8 =0x0000000000000006, R9 =0x000000001f372b50, R10=0x000000001b4ae1d8, R11=0x00000000226aa148
R12=0x000000001f372b50, R13=0x000000001f9bf800, R14=0x000000002279f378, R15=0x000000001b4ae1d8
RIP=0x0000000062444ef7, EFLAGS=0x0000000000010202

Top of Stack: (sp=0x000000002279f2b0)
0x000000002279f2b0:   0000508a90df68cc 00000007c0006bd0
0x000000002279f2c0:   000000001f9bf800 000000001f372b50
0x000000002279f2d0:   00000000ffffffff 0000000062445e27
0x000000002279f2e0:   000000002279f3e0 000000001b4ae1d8
0x000000002279f2f0:   000000001f9bf800 00000000622f10d3
0x000000002279f300:   000000002279f340 000000001f9bf800
0x000000002279f310:   000000002279f3d0 000000001f9bf800
0x000000002279f320:   000000001b4ae1d8 000000001f9bf800
0x000000002279f330:   0000000004de3be0 000000001f9bf800
0x000000002279f340:   000000001b4ae1d8 000000001f9bf800
0x000000002279f350:   000000001b4ae1d8 000000001f9bf800
0x000000002279f360:   0000000000000001 000000001b4ae1d8
0x000000002279f370:   000000001f9bf800 000000001de54b10
0x000000002279f380:   000000001f9bf800 00000000622f283d
0x000000002279f390:   000000002279f698 00000007c0006bd0
0x000000002279f3a0:   00000007c0412ff8 0000000000000000 

Instructions: (pc=0x0000000062444ef7)
0x0000000062444ed7:   48 89 6c 24 30 33 ed 66 90 e8 4b 5d 08 00 ff c3
0x0000000062444ee7:   48 63 c8 48 8b c6 48 0f af cf 48 ff c7 48 2b c1
0x0000000062444ef7:   89 28 48 63 c3 48 3b 05 a5 a9 59 00 7e db 48 8b
0x0000000062444f07:   6c 24 30 48 8b 5c 24 38 48 8b 74 24 40 48 83 c4 


Register to memory mapping:

RAX=0x000000002279c2b0 is pointing into the stack for thread: 0x000000001f9bf800
RBX=0x0000000000000004 is an unknown value
RCX=0x0000000000003000 is an unknown value
RDX=0x0000000000000006 is an unknown value
RSP=0x000000002279f2b0 is pointing into the stack for thread: 0x000000001f9bf800
RBP=0x0000000000000000 is an unknown value
RSI=0x000000002279f2b0 is pointing into the stack for thread: 0x000000001f9bf800
RDI=0x0000000000000004 is an unknown value
R8 =0x0000000000000006 is an unknown value
R9 =0x000000001f372b50 is an unknown value
R10={method} {0x000000001b4ae1e0} 'run' '()V' in 'java/lang/Thread'
R11=0x00000000226aa148 is pointing into the stack for thread: 0x000000001f9bf800
R12=0x000000001f372b50 is an unknown value
R13=0x000000001f9bf800 is a thread
R14=0x000000002279f378 is pointing into the stack for thread: 0x000000001f9bf800
R15={method} {0x000000001b4ae1e0} 'run' '()V' in 'java/lang/Thread'


Stack: [0x00000000226a0000,0x00000000227a0000],  sp=0x000000002279f2b0,  free space=1020k
Native frames: (J=compiled Java code, j=interpreted, Vv=VM code, C=native code)


---------------  P R O C E S S  ---------------

Java Threads: ( => current thread )
  0x000000001f2c6800 JavaThread "DestroyJavaVM" [_thread_blocked, id=13056, stack(0x0000000004ad0000,0x0000000004bd0000)]
  0x000000001f2c5800 JavaThread "http-nio-8080-Acceptor" daemon [_thread_blocked, id=10956, stack(0x00000000229a0000,0x0000000022aa0000)]
  0x000000001f2c4000 JavaThread "http-nio-8080-ClientPoller" daemon [_thread_in_native, id=3836, stack(0x00000000228a0000,0x00000000229a0000)]
  0x000000001f2c5000 JavaThread "http-nio-8080-exec-10" daemon [_thread_blocked, id=216, stack(0x00000000227a0000,0x00000000228a0000)]
=>0x000000001f9bf800 JavaThread "http-nio-8080-exec-9" daemon [_thread_in_vm, id=10076, stack(0x00000000226a0000,0x00000000227a0000)]
  0x000000001f9bf000 JavaThread "http-nio-8080-exec-8" daemon [_thread_blocked, id=18380, stack(0x00000000225a0000,0x00000000226a0000)]
  0x000000001f9be000 JavaThread "http-nio-8080-exec-7" daemon [_thread_blocked, id=16676, stack(0x00000000224a0000,0x00000000225a0000)]
  0x000000001f9c5000 JavaThread "http-nio-8080-exec-6" daemon [_thread_blocked, id=13512, stack(0x00000000223a0000,0x00000000224a0000)]
  0x000000001f9c4000 JavaThread "http-nio-8080-exec-5" daemon [_thread_blocked, id=15504, stack(0x00000000222a0000,0x00000000223a0000)]
  0x000000001f9c3800 JavaThread "http-nio-8080-exec-4" daemon [_thread_blocked, id=15368, stack(0x00000000221a0000,0x00000000222a0000)]
  0x000000001f9c2800 JavaThread "http-nio-8080-exec-3" daemon [_thread_blocked, id=11816, stack(0x00000000220a0000,0x00000000221a0000)]
  0x000000001f9c1000 JavaThread "http-nio-8080-exec-2" daemon [_thread_blocked, id=19132, stack(0x0000000021fa0000,0x00000000220a0000)]
  0x000000001f9c0800 JavaThread "http-nio-8080-exec-1" daemon [_thread_blocked, id=19292, stack(0x0000000021ea0000,0x0000000021fa0000)]
  0x000000001f9c2000 JavaThread "http-nio-8080-BlockPoller" daemon [_thread_in_native, id=18328, stack(0x0000000021da0000,0x0000000021ea0000)]
  0x000000001f874800 JavaThread "Druid-ConnectionPool-Destroy-956337311" daemon [_thread_blocked, id=13212, stack(0x00000000216a0000,0x00000000217a0000)]
  0x000000001f88e000 JavaThread "Druid-ConnectionPool-Create-956337311" daemon [_thread_blocked, id=4164, stack(0x00000000215a0000,0x00000000216a0000)]
  0x000000001f886000 JavaThread "mysql-cj-abandoned-connection-cleanup" daemon [_thread_blocked, id=9652, stack(0x00000000214a0000,0x00000000215a0000)]
  0x000000001f854800 JavaThread "container-0" [_thread_blocked, id=17720, stack(0x00000000210a0000,0x00000000211a0000)]
  0x000000001f853800 JavaThread "Catalina-utility-2" [_thread_blocked, id=13460, stack(0x0000000020fa0000,0x00000000210a0000)]
  0x000000001f82a000 JavaThread "Catalina-utility-1" [_thread_blocked, id=17624, stack(0x0000000020ea0000,0x0000000020fa0000)]
  0x000000001f777000 JavaThread "RMI Scheduler(0)" daemon [_thread_blocked, id=3876, stack(0x0000000020ca0000,0x0000000020da0000)]
  0x000000001f786000 JavaThread "RMI TCP Connection(1)-192.168.150.1" daemon [_thread_in_native, id=4092, stack(0x0000000020ba0000,0x0000000020ca0000)]
  0x000000001df2d800 JavaThread "RMI TCP Accept-0" daemon [_thread_in_native, id=11020, stack(0x000000001e5d0000,0x000000001e6d0000)]
  0x000000001d5ca000 JavaThread "Service Thread" daemon [_thread_blocked, id=11284, stack(0x000000001dbe0000,0x000000001dce0000)]
  0x000000001d5bf000 JavaThread "C1 CompilerThread2" daemon [_thread_blocked, id=11428, stack(0x000000001dae0000,0x000000001dbe0000)]
  0x000000001d55e800 JavaThread "C2 CompilerThread1" daemon [_thread_blocked, id=3168, stack(0x000000001d9e0000,0x000000001dae0000)]
  0x000000001d55b000 JavaThread "C2 CompilerThread0" daemon [_thread_blocked, id=6236, stack(0x000000001d8e0000,0x000000001d9e0000)]
  0x000000001d558800 JavaThread "Monitor Ctrl-Break" daemon [_thread_in_native, id=14884, stack(0x000000001d7e0000,0x000000001d8e0000)]
  0x000000001be47000 JavaThread "Attach Listener" daemon [_thread_blocked, id=2180, stack(0x000000001d6e0000,0x000000001d7e0000)]
  0x000000001be34000 JavaThread "Signal Dispatcher" daemon [_thread_blocked, id=7528, stack(0x000000001d5e0000,0x000000001d6e0000)]
  0x0000000004dca000 JavaThread "Finalizer" daemon [_thread_blocked, id=1968, stack(0x000000001d080000,0x000000001d180000)]
  0x000000001be0a000 JavaThread "Reference Handler" daemon [_thread_blocked, id=11016, stack(0x000000001cf80000,0x000000001d080000)]

Other Threads:
  0x000000001bde7000 VMThread [stack: 0x000000001ce80000,0x000000001cf80000] [id=11288]
  0x000000001df37000 WatcherThread [stack: 0x000000001e6d0000,0x000000001e7d0000] [id=12084]

VM state:synchronizing (normal execution)

VM Mutex/Monitor currently owned by a thread:  ([mutex/lock_event])
[0x0000000004cd4140] Threads_lock - owner thread: 0x000000001bde7000

heap address: 0x0000000702000000, size: 3040 MB, Compressed Oops mode: Zero based, Oop shift amount: 3
Narrow klass base: 0x0000000000000000, Narrow klass shift: 3
Compressed class space size: 1073741824 Address: 0x00000007c0000000

Heap:
 PSYoungGen      total 131584K, used 59037K [0x0000000780b00000, 0x0000000790300000, 0x00000007c0000000)
  eden space 116736K, 50% used [0x0000000780b00000,0x00000007844a74e0,0x0000000787d00000)
  from space 14848K, 0% used [0x0000000787d00000,0x0000000787d00000,0x0000000788b80000)
  to   space 14336K, 0% used [0x000000078f500000,0x000000078f500000,0x0000000790300000)
 ParOldGen       total 82432K, used 14552K [0x0000000702000000, 0x0000000707080000, 0x0000000780b00000)
  object space 82432K, 17% used [0x0000000702000000,0x0000000702e360e0,0x0000000707080000)
 Metaspace       used 37306K, capacity 39434K, committed 39680K, reserved 1083392K
  class space    used 5121K, capacity 5514K, committed 5632K, reserved 1048576K

Card table byte_map: [0x0000000014190000,0x0000000014790000] byte_map_base: 0x0000000010980000

Marking Bits: (ParMarkBitMap*) 0x0000000062a55ce0
 Begin Bits: [0x0000000014f90000, 0x0000000017f10000)
 End Bits:   [0x0000000017f10000, 0x000000001ae90000)

Polling page: 0x0000000002aa0000

CodeCache: size=245760Kb used=7739Kb max_used=7739Kb free=238020Kb
 bounds [0x0000000004dd0000, 0x0000000005560000, 0x0000000013dd0000]
 total_blobs=4366 nmethods=3867 adapters=411
 compilation: enabled

Compilation events (10 events):
Event: 12.017 Thread 0x000000001d5bf000 3894       1       java.lang.invoke.InnerClassLambdaMetafactory::generateConstructor (151 bytes)
Event: 12.019 Thread 0x000000001d5bf000 nmethod 3894 0x000000000555c3d0 code [0x000000000555c620, 0x000000000555ce38]
Event: 12.019 Thread 0x000000001d5bf000 3895       1       java.lang.invoke.InnerClassLambdaMetafactory$ForwardingMethodGenerator::<init> (11 bytes)
Event: 12.019 Thread 0x000000001d5bf000 nmethod 3895 0x000000000555d6d0 code [0x000000000555d820, 0x000000000555d968]
Event: 12.019 Thread 0x000000001d5bf000 3898       1       java.lang.invoke.ConstantCallSite::dynamicInvoker (5 bytes)
Event: 12.019 Thread 0x000000001d5bf000 nmethod 3898 0x000000000555da10 code [0x000000000555db80, 0x000000000555dd48]
Event: 12.019 Thread 0x000000001d5bf000 3899       1       java.lang.invoke.Invokers::callSiteForm (295 bytes)
Event: 12.020 Thread 0x000000001d5bf000 nmethod 3899 0x000000000555de10 code [0x000000000555e040, 0x000000000555ea58]
Event: 12.027 Thread 0x000000001d5bf000 3900       1       org.springframework.context.event.GenericApplicationListenerAdapter::resolveDeclaredEventType (57 bytes)
Event: 12.028 Thread 0x000000001d5bf000 nmethod 3900 0x000000000555f590 code [0x000000000555f740, 0x000000000555fa68]

GC Heap History (10 events):
Event: 6.184 GC heap before
{Heap before GC invocations=5 (full 1):
 PSYoungGen      total 56832K, used 49152K [0x0000000780b00000, 0x0000000787a00000, 0x00000007c0000000)
  eden space 49152K, 100% used [0x0000000780b00000,0x0000000783b00000,0x0000000783b00000)
  from space 7680K, 0% used [0x0000000783b00000,0x0000000783b00000,0x0000000784280000)
  to   space 7680K, 0% used [0x0000000787280000,0x0000000787280000,0x0000000787a00000)
 ParOldGen       total 82432K, used 9254K [0x0000000702000000, 0x0000000707080000, 0x0000000780b00000)
  object space 82432K, 11% used [0x0000000702000000,0x00000007029099b0,0x0000000707080000)
 Metaspace       used 21589K, capacity 22444K, committed 22656K, reserved 1069056K
  class space    used 2942K, capacity 3152K, committed 3200K, reserved 1048576K
Event: 6.202 GC heap after
Heap after GC invocations=5 (full 1):
 PSYoungGen      total 81920K, used 4491K [0x0000000780b00000, 0x0000000787700000, 0x00000007c0000000)
  eden space 77312K, 0% used [0x0000000780b00000,0x0000000780b00000,0x0000000785680000)
  from space 4608K, 97% used [0x0000000787280000,0x00000007876e2e00,0x0000000787700000)
  to   space 7680K, 0% used [0x0000000786800000,0x0000000786800000,0x0000000786f80000)
 ParOldGen       total 82432K, used 9254K [0x0000000702000000, 0x0000000707080000, 0x0000000780b00000)
  object space 82432K, 11% used [0x0000000702000000,0x00000007029099b0,0x0000000707080000)
 Metaspace       used 21589K, capacity 22444K, committed 22656K, reserved 1069056K
  class space    used 2942K, capacity 3152K, committed 3200K, reserved 1048576K
}
Event: 8.105 GC heap before
{Heap before GC invocations=6 (full 1):
 PSYoungGen      total 81920K, used 81803K [0x0000000780b00000, 0x0000000787700000, 0x00000007c0000000)
  eden space 77312K, 100% used [0x0000000780b00000,0x0000000785680000,0x0000000785680000)
  from space 4608K, 97% used [0x0000000787280000,0x00000007876e2e00,0x0000000787700000)
  to   space 7680K, 0% used [0x0000000786800000,0x0000000786800000,0x0000000786f80000)
 ParOldGen       total 82432K, used 9254K [0x0000000702000000, 0x0000000707080000, 0x0000000780b00000)
  object space 82432K, 11% used [0x0000000702000000,0x00000007029099b0,0x0000000707080000)
 Metaspace       used 26082K, capacity 27550K, committed 27776K, reserved 1073152K
  class space    used 3617K, capacity 3905K, committed 3968K, reserved 1048576K
Event: 8.128 GC heap after
Heap after GC invocations=6 (full 1):
 PSYoungGen      total 102912K, used 7666K [0x0000000780b00000, 0x0000000789680000, 0x00000007c0000000)
  eden space 95232K, 0% used [0x0000000780b00000,0x0000000780b00000,0x0000000786800000)
  from space 7680K, 99% used [0x0000000786800000,0x0000000786f7cb50,0x0000000786f80000)
  to   space 11264K, 0% used [0x0000000788b80000,0x0000000788b80000,0x0000000789680000)
 ParOldGen       total 82432K, used 10072K [0x0000000702000000, 0x0000000707080000, 0x0000000780b00000)
  object space 82432K, 12% used [0x0000000702000000,0x00000007029d6028,0x0000000707080000)
 Metaspace       used 26082K, capacity 27550K, committed 27776K, reserved 1073152K
  class space    used 3617K, capacity 3905K, committed 3968K, reserved 1048576K
}
Event: 10.489 GC heap before
{Heap before GC invocations=7 (full 1):
 PSYoungGen      total 102912K, used 102898K [0x0000000780b00000, 0x0000000789680000, 0x00000007c0000000)
  eden space 95232K, 100% used [0x0000000780b00000,0x0000000786800000,0x0000000786800000)
  from space 7680K, 99% used [0x0000000786800000,0x0000000786f7cb50,0x0000000786f80000)
  to   space 11264K, 0% used [0x0000000788b80000,0x0000000788b80000,0x0000000789680000)
 ParOldGen       total 82432K, used 10072K [0x0000000702000000, 0x0000000707080000, 0x0000000780b00000)
  object space 82432K, 12% used [0x0000000702000000,0x00000007029d6028,0x0000000707080000)
 Metaspace       used 33614K, capacity 35408K, committed 35496K, reserved 1079296K
  class space    used 4502K, capacity 4842K, committed 4864K, reserved 1048576K
Event: 10.511 GC heap after
Heap after GC invocations=7 (full 1):
 PSYoungGen      total 128000K, used 11239K [0x0000000780b00000, 0x000000078b680000, 0x00000007c0000000)
  eden space 116736K, 0% used [0x0000000780b00000,0x0000000780b00000,0x0000000787d00000)
  from space 11264K, 99% used [0x0000000788b80000,0x0000000789679cf8,0x0000000789680000)
  to   space 14848K, 0% used [0x0000000787d00000,0x0000000787d00000,0x0000000788b80000)
 ParOldGen       total 82432K, used 13717K [0x0000000702000000, 0x0000000707080000, 0x0000000780b00000)
  object space 82432K, 16% used [0x0000000702000000,0x0000000702d65630,0x0000000707080000)
 Metaspace       used 33614K, capacity 35408K, committed 35496K, reserved 1079296K
  class space    used 4502K, capacity 4842K, committed 4864K, reserved 1048576K
}
Event: 10.522 GC heap before
{Heap before GC invocations=8 (full 1):
 PSYoungGen      total 128000K, used 16756K [0x0000000780b00000, 0x000000078b680000, 0x00000007c0000000)
  eden space 116736K, 4% used [0x0000000780b00000,0x0000000781063450,0x0000000787d00000)
  from space 11264K, 99% used [0x0000000788b80000,0x0000000789679cf8,0x0000000789680000)
  to   space 14848K, 0% used [0x0000000787d00000,0x0000000787d00000,0x0000000788b80000)
 ParOldGen       total 82432K, used 13717K [0x0000000702000000, 0x0000000707080000, 0x0000000780b00000)
  object space 82432K, 16% used [0x0000000702000000,0x0000000702d65630,0x0000000707080000)
 Metaspace       used 33618K, capacity 35408K, committed 35496K, reserved 1079296K
  class space    used 4502K, capacity 4842K, committed 4864K, reserved 1048576K
Event: 10.535 GC heap after
Heap after GC invocations=8 (full 1):
 PSYoungGen      total 131584K, used 9226K [0x0000000780b00000, 0x0000000790300000, 0x00000007c0000000)
  eden space 116736K, 0% used [0x0000000780b00000,0x0000000780b00000,0x0000000787d00000)
  from space 14848K, 62% used [0x0000000787d00000,0x00000007886028c0,0x0000000788b80000)
  to   space 14336K, 0% used [0x000000078f500000,0x000000078f500000,0x0000000790300000)
 ParOldGen       total 82432K, used 13717K [0x0000000702000000, 0x0000000707080000, 0x0000000780b00000)
  object space 82432K, 16% used [0x0000000702000000,0x0000000702d65630,0x0000000707080000)
 Metaspace       used 33618K, capacity 35408K, committed 35496K, reserved 1079296K
  class space    used 4502K, capacity 4842K, committed 4864K, reserved 1048576K
}
Event: 10.535 GC heap before
{Heap before GC invocations=9 (full 2):
 PSYoungGen      total 131584K, used 9226K [0x0000000780b00000, 0x0000000790300000, 0x00000007c0000000)
  eden space 116736K, 0% used [0x0000000780b00000,0x0000000780b00000,0x0000000787d00000)
  from space 14848K, 62% used [0x0000000787d00000,0x00000007886028c0,0x0000000788b80000)
  to   space 14336K, 0% used [0x000000078f500000,0x000000078f500000,0x0000000790300000)
 ParOldGen       total 82432K, used 13717K [0x0000000702000000, 0x0000000707080000, 0x0000000780b00000)
  object space 82432K, 16% used [0x0000000702000000,0x0000000702d65630,0x0000000707080000)
 Metaspace       used 33618K, capacity 35408K, committed 35496K, reserved 1079296K
  class space    used 4502K, capacity 4842K, committed 4864K, reserved 1048576K
Event: 10.673 GC heap after
Heap after GC invocations=9 (full 2):
 PSYoungGen      total 131584K, used 0K [0x0000000780b00000, 0x0000000790300000, 0x00000007c0000000)
  eden space 116736K, 0% used [0x0000000780b00000,0x0000000780b00000,0x0000000787d00000)
  from space 14848K, 0% used [0x0000000787d00000,0x0000000787d00000,0x0000000788b80000)
  to   space 14336K, 0% used [0x000000078f500000,0x000000078f500000,0x0000000790300000)
 ParOldGen       total 82432K, used 14552K [0x0000000702000000, 0x0000000707080000, 0x0000000780b00000)
  object space 82432K, 17% used [0x0000000702000000,0x0000000702e360e0,0x0000000707080000)
 Metaspace       used 33618K, capacity 35408K, committed 35496K, reserved 1079296K
  class space    used 4502K, capacity 4842K, committed 4864K, reserved 1048576K
}

Deoptimization events (0 events):
No events

Classes redefined (0 events):
No events

Internal exceptions (10 events):
Event: 11.696 Thread 0x00000000049cd000 Exception <a 'java/lang/ArrayIndexOutOfBoundsException'> (0x00000007836dfcc0) thrown at [C:\re\workspace\8-2-build-windows-amd64-cygwin\jdk8u211\12973\hotspot\src\share\vm\runtime\sharedRuntime.cpp, line 605]
Event: 11.696 Thread 0x00000000049cd000 Exception <a 'java/lang/ArrayIndexOutOfBoundsException'> (0x00000007836e1bd8) thrown at [C:\re\workspace\8-2-build-windows-amd64-cygwin\jdk8u211\12973\hotspot\src\share\vm\runtime\sharedRuntime.cpp, line 605]
Event: 11.699 Thread 0x00000000049cd000 Exception <a 'java/lang/ArrayIndexOutOfBoundsException'> (0x0000000783707620) thrown at [C:\re\workspace\8-2-build-windows-amd64-cygwin\jdk8u211\12973\hotspot\src\share\vm\runtime\sharedRuntime.cpp, line 605]
Event: 11.699 Thread 0x00000000049cd000 Exception <a 'java/lang/ArrayIndexOutOfBoundsException'> (0x0000000783709798) thrown at [C:\re\workspace\8-2-build-windows-amd64-cygwin\jdk8u211\12973\hotspot\src\share\vm\runtime\sharedRuntime.cpp, line 605]
Event: 11.706 Thread 0x00000000049cd000 Exception <a 'java/lang/ArrayIndexOutOfBoundsException'> (0x000000078376dba8) thrown at [C:\re\workspace\8-2-build-windows-amd64-cygwin\jdk8u211\12973\hotspot\src\share\vm\runtime\sharedRuntime.cpp, line 605]
Event: 11.706 Thread 0x00000000049cd000 Exception <a 'java/lang/ArrayIndexOutOfBoundsException'> (0x000000078376fd68) thrown at [C:\re\workspace\8-2-build-windows-amd64-cygwin\jdk8u211\12973\hotspot\src\share\vm\runtime\sharedRuntime.cpp, line 605]
Event: 11.706 Thread 0x00000000049cd000 Exception <a 'java/lang/ArrayIndexOutOfBoundsException'> (0x0000000783771bf8) thrown at [C:\re\workspace\8-2-build-windows-amd64-cygwin\jdk8u211\12973\hotspot\src\share\vm\runtime\sharedRuntime.cpp, line 605]
Event: 11.706 Thread 0x00000000049cd000 Exception <a 'java/lang/ArrayIndexOutOfBoundsException'> (0x0000000783773b20) thrown at [C:\re\workspace\8-2-build-windows-amd64-cygwin\jdk8u211\12973\hotspot\src\share\vm\runtime\sharedRuntime.cpp, line 605]
Event: 11.707 Thread 0x00000000049cd000 Exception <a 'java/lang/ArrayIndexOutOfBoundsException'> (0x0000000783775d28) thrown at [C:\re\workspace\8-2-build-windows-amd64-cygwin\jdk8u211\12973\hotspot\src\share\vm\runtime\sharedRuntime.cpp, line 605]
Event: 11.756 Thread 0x00000000049cd000 Exception <a 'java/lang/ArrayIndexOutOfBoundsException'> (0x00000007839b0718) thrown at [C:\re\workspace\8-2-build-windows-amd64-cygwin\jdk8u211\12973\hotspot\src\share\vm\runtime\sharedRuntime.cpp, line 605]

Events (10 events):
Event: 12.023 loading class org/springframework/util/StopWatch$TaskInfo done
Event: 12.024 loading class org/springframework/boot/context/event/ApplicationStartedEvent
Event: 12.024 loading class org/springframework/boot/context/event/ApplicationStartedEvent done
Event: 12.025 loading class org/springframework/boot/ApplicationRunner
Event: 12.025 loading class org/springframework/boot/ApplicationRunner done
Event: 12.026 loading class org/springframework/boot/CommandLineRunner
Event: 12.026 loading class org/springframework/boot/CommandLineRunner done
Event: 12.027 Thread 0x00000000049cd000 Thread exited: 0x00000000049cd000
Event: 12.027 Thread 0x000000001f2c6800 Thread added: 0x000000001f2c6800
Event: 12.028 Executing VM operation: RevokeBias


Dynamic libraries:
0x00007ff719240000 - 0x00007ff719277000 	D:\Program Files\Java\jdk1.8.0_211\bin\java.exe
0x00007ffe96490000 - 0x00007ffe96670000 	C:\windows\SYSTEM32\ntdll.dll
0x00007ffe95590000 - 0x00007ffe9563e000 	C:\windows\System32\KERNEL32.DLL
0x00007ffe92cc0000 - 0x00007ffe92f26000 	C:\windows\System32\KERNELBASE.dll
0x00007ffe963b0000 - 0x00007ffe96451000 	C:\windows\System32\ADVAPI32.dll
0x00007ffe95b10000 - 0x00007ffe95bad000 	C:\windows\System32\msvcrt.dll
0x00007ffe95c20000 - 0x00007ffe95c7b000 	C:\windows\System32\sechost.dll
0x00007ffe94030000 - 0x00007ffe9414f000 	C:\windows\System32\RPCRT4.dll
0x00007ffe961e0000 - 0x00007ffe9636f000 	C:\windows\System32\USER32.dll
0x00007ffe92fd0000 - 0x00007ffe92ff0000 	C:\windows\System32\win32u.dll
0x00007ffe95640000 - 0x00007ffe95668000 	C:\windows\System32\GDI32.dll
0x00007ffe937c0000 - 0x00007ffe93953000 	C:\windows\System32\gdi32full.dll
0x00007ffe92f30000 - 0x00007ffe92fcb000 	C:\windows\System32\msvcp_win.dll
0x00007ffe928e0000 - 0x00007ffe929d4000 	C:\windows\System32\ucrtbase.dll
0x00007ffe83590000 - 0x00007ffe837f9000 	C:\windows\WinSxS\amd64_microsoft.windows.common-controls_6595b64144ccf1df_6.0.16299.1087_none_0f9074b65a6589b7\COMCTL32.dll
0x00007ffe95da0000 - 0x00007ffe960a6000 	C:\windows\System32\combase.dll
0x00007ffe92ff0000 - 0x00007ffe93062000 	C:\windows\System32\bcryptPrimitives.dll
0x00007ffe96380000 - 0x00007ffe963ad000 	C:\windows\System32\IMM32.DLL
0x0000000062ae0000 - 0x0000000062bb2000 	D:\Program Files\Java\jdk1.8.0_211\jre\bin\msvcr100.dll
0x0000000062230000 - 0x0000000062ad5000 	D:\Program Files\Java\jdk1.8.0_211\jre\bin\server\jvm.dll
0x00007ffe95c80000 - 0x00007ffe95c88000 	C:\windows\System32\PSAPI.DLL
0x00007ffe834a0000 - 0x00007ffe834a9000 	C:\windows\SYSTEM32\WSOCK32.dll
0x00007ffe95bb0000 - 0x00007ffe95c1c000 	C:\windows\System32\WS2_32.dll
0x00007ffe907c0000 - 0x00007ffe907e3000 	C:\windows\SYSTEM32\WINMM.dll
0x00007ffe82b60000 - 0x00007ffe82b6a000 	C:\windows\SYSTEM32\VERSION.dll
0x00007ffe90790000 - 0x00007ffe907ba000 	C:\windows\SYSTEM32\WINMMBASE.dll
0x00007ffe92890000 - 0x00007ffe928da000 	C:\windows\System32\cfgmgr32.dll
0x00007ffe8d6f0000 - 0x00007ffe8d6ff000 	D:\Program Files\Java\jdk1.8.0_211\jre\bin\verify.dll
0x00007ffe81520000 - 0x00007ffe81549000 	D:\Program Files\Java\jdk1.8.0_211\jre\bin\java.dll
0x00007ffe78e40000 - 0x00007ffe78e63000 	D:\Program Files\Java\jdk1.8.0_211\jre\bin\instrument.dll
0x00007ffe85590000 - 0x00007ffe855a6000 	D:\Program Files\Java\jdk1.8.0_211\jre\bin\zip.dll
0x00007ffe94150000 - 0x00007ffe95588000 	C:\windows\System32\SHELL32.dll
0x00007ffe959b0000 - 0x00007ffe95a56000 	C:\windows\System32\shcore.dll
0x00007ffe93070000 - 0x00007ffe937b7000 	C:\windows\System32\windows.storage.dll
0x00007ffe95670000 - 0x00007ffe956c1000 	C:\windows\System32\shlwapi.dll
0x00007ffe927e0000 - 0x00007ffe927f1000 	C:\windows\System32\kernel.appcore.dll
0x00007ffe92840000 - 0x00007ffe9288c000 	C:\windows\System32\powrprof.dll
0x00007ffe92820000 - 0x00007ffe9283b000 	C:\windows\System32\profapi.dll
0x00007ffe847e0000 - 0x00007ffe847fa000 	D:\Program Files\JetBrains\IntelliJ IDEA 2019.1.3\bin\breakgen64.dll
0x00007ffe83dd0000 - 0x00007ffe83dea000 	D:\Program Files\Java\jdk1.8.0_211\jre\bin\net.dll
0x00007ffe8b6a0000 - 0x00007ffe8b869000 	C:\windows\SYSTEM32\urlmon.dll
0x00007ffe95840000 - 0x00007ffe9585d000 	C:\windows\System32\imagehlp.dll
0x00007ffe8b400000 - 0x00007ffe8b69f000 	C:\windows\SYSTEM32\iertutil.dll
0x00007ffe92230000 - 0x00007ffe9223b000 	C:\windows\SYSTEM32\CRYPTBASE.DLL
0x00007ffe92010000 - 0x00007ffe92076000 	C:\windows\system32\mswsock.dll
0x00007ffe91de0000 - 0x00007ffe91e96000 	C:\windows\SYSTEM32\DNSAPI.dll
0x00007ffe95a60000 - 0x00007ffe95a68000 	C:\windows\System32\NSI.dll
0x00007ffe91da0000 - 0x00007ffe91dd9000 	C:\windows\SYSTEM32\IPHLPAPI.DLL
0x00000000643c0000 - 0x00000000643f5000 	C:\Program Files\Bonjour\mdnsNSP.dll
0x00007ffe8c430000 - 0x00007ffe8c43a000 	C:\Windows\System32\rasadhlp.dll
0x00007ffe8cff0000 - 0x00007ffe8d060000 	C:\windows\System32\fwpuclnt.dll
0x00007ffe92340000 - 0x00007ffe92365000 	C:\windows\SYSTEM32\bcrypt.dll
0x00007ffe84760000 - 0x00007ffe8476d000 	D:\Program Files\Java\jdk1.8.0_211\jre\bin\management.dll
0x00007ffe839a0000 - 0x00007ffe839b2000 	D:\Program Files\Java\jdk1.8.0_211\jre\bin\nio.dll
0x00007ffe92240000 - 0x00007ffe92257000 	C:\windows\SYSTEM32\CRYPTSP.dll
0x00007ffe91c10000 - 0x00007ffe91c43000 	C:\windows\system32\rsaenh.dll
0x00007ffe926e0000 - 0x00007ffe92709000 	C:\windows\SYSTEM32\USERENV.dll
0x00007ffe8d380000 - 0x00007ffe8d396000 	C:\windows\SYSTEM32\dhcpcsvc6.DLL
0x00007ffe8d230000 - 0x00007ffe8d24a000 	C:\windows\SYSTEM32\dhcpcsvc.DLL
0x00007ffe7fa50000 - 0x00007ffe7fa66000 	C:\windows\system32\napinsp.dll
0x00007ffe7fa30000 - 0x00007ffe7fa4a000 	C:\windows\system32\pnrpnsp.dll
0x00007ffe8f000000 - 0x00007ffe8f018000 	C:\windows\system32\NLAapi.dll
0x00007ffe82360000 - 0x00007ffe8236e000 	C:\windows\System32\winrnr.dll
0x00007ffe7fa10000 - 0x00007ffe7fa25000 	C:\windows\System32\wshbth.dll

VM Arguments:
jvm_args: -XX:TieredStopAtLevel=1 -Xverify:none -Dspring.output.ansi.enabled=always -Dcom.sun.management.jmxremote -Dspring.jmx.enabled=true -Dspring.liveBeansView.mbeanDomain -Dspring.application.admin.enabled=true -javaagent:D:\Program Files\JetBrains\IntelliJ IDEA 2019.1.3\lib\idea_rt.jar=11116:D:\Program Files\JetBrains\IntelliJ IDEA 2019.1.3\bin -Dfile.encoding=UTF-8 
java_command: com.jiutian.jiutian.JiutianApplication
java_class_path (initial): D:\Program Files\Java\jdk1.8.0_211\jre\lib\charsets.jar;D:\Program Files\Java\jdk1.8.0_211\jre\lib\deploy.jar;D:\Program Files\Java\jdk1.8.0_211\jre\lib\ext\access-bridge-64.jar;D:\Program Files\Java\jdk1.8.0_211\jre\lib\ext\cldrdata.jar;D:\Program Files\Java\jdk1.8.0_211\jre\lib\ext\dnsns.jar;D:\Program Files\Java\jdk1.8.0_211\jre\lib\ext\jaccess.jar;D:\Program Files\Java\jdk1.8.0_211\jre\lib\ext\jfxrt.jar;D:\Program Files\Java\jdk1.8.0_211\jre\lib\ext\localedata.jar;D:\Program Files\Java\jdk1.8.0_211\jre\lib\ext\nashorn.jar;D:\Program Files\Java\jdk1.8.0_211\jre\lib\ext\sunec.jar;D:\Program Files\Java\jdk1.8.0_211\jre\lib\ext\sunjce_provider.jar;D:\Program Files\Java\jdk1.8.0_211\jre\lib\ext\sunmscapi.jar;D:\Program Files\Java\jdk1.8.0_211\jre\lib\ext\sunpkcs11.jar;D:\Program Files\Java\jdk1.8.0_211\jre\lib\ext\zipfs.jar;D:\Program Files\Java\jdk1.8.0_211\jre\lib\javaws.jar;D:\Program Files\Java\jdk1.8.0_211\jre\lib\jce.jar;D:\Program Files\Java\jdk1.8.0_211\jre\lib\jfr.jar;D:\Program Files\Java\jdk1.8.0_211\jre\lib\jfxswt.jar;D:\Program Files\Java\jdk1.8.0_211\jre\lib\jsse.jar;D:\Program Files\Java\jdk1.8.0_211\jre\lib\management-agent.jar;D:\Program Files\Java\jdk1.8.0_211\jre\lib\plugin.jar;D:\Program Files\Java\jdk1.8.0_211\jre\lib\resources.jar;D:\Program Files\Java\jdk1.8.0_211\jre\lib\rt.jar;C:\Users\Administrator\Desktop\jiutian\target\classes;E:\maven_repository\maven_repository\org\springframework\boot\spring-boot-starter-web\2.2.0.RELEASE\spring-boot-starter-web-2.2.0.RELEASE.jar;E:\maven_repository\maven_repository\org\springframework\boot\spring-boot-starter\2.2.0.RELEASE\spring-boot-starter-2.2.0.RELEASE.jar;E:\maven_repository\maven_repository\org\springframework\boot\spring-boot\2.2.0.RELEASE\spring-boot-2.2.0.RELEASE.jar;E:\maven_repository\maven_repository\org\springframework\boot\spring-boot-starter-logging\2.2.0.RELEASE\spring-boot-starter-logging-2.2.0.RELEASE.jar;E:\maven_repository\maven_repository\ch\qos\logback
Launcher Type: SUN_STANDARD

Environment Variables:
JAVA_HOME=D:\Program Files\Java\jdk1.8.0_211
PATH=F:\app\Administrator\product\11.2.0\dbhome_2\bin;F:\app\Administrator\product\11.2.0\dbhome_1\bin;C:\windows\system32;C:\windows;C:\windows\System32\Wbem;C:\windows\System32\WindowsPowerShell\v1.0\;D:\Program Files\Java\jdk1.8.0_211\bin;D:\Program Files\Java\jdk1.8.0_211\jre\bin;D:\Program Files\MySQL\bin;E:\apache-maven-3.5.2-bin\apache-maven-3.5.2\bin;D:\Program Files\Git\cmd;D:\Program Files\Git\bin;C:\Users\Administrator\AppData\Local\Microsoft\WindowsApps
USERNAME=Administrator
OS=Windows_NT
PROCESSOR_IDENTIFIER=Intel64 Family 6 Model 61 Stepping 4, GenuineIntel



---------------  S Y S T E M  ---------------

OS: Windows 10.0 , 64 bit Build 16299 (10.0.16299.1087)

CPU:total 4 (initial active 4) (2 cores per cpu, 2 threads per core) family 6 model 61 stepping 4, cmov, cx8, fxsr, mmx, sse, sse2, sse3, ssse3, sse4.1, sse4.2, popcnt, avx, avx2, aes, clmul, erms, 3dnowpref, lzcnt, ht, tsc, tscinvbit, bmi1, bmi2, adx

Memory: 4k page, physical 12447104k(4660512k free), swap 21622268k(3088k free)

vm_info: Java HotSpot(TM) 64-Bit Server VM (25.211-b12) for windows-amd64 JRE (1.8.0_211-b12), built on Apr  1 2019 20:53:26 by "java_re" with MS VC++ 10.0 (VS2010)

time: Tue Oct 29 21:31:01 2019
timezone: 中国标准时间
elapsed time: 12 seconds (0d 0h 0m 12s)

